<?xml version="1.0" encoding="UTF-8"?>
<testng-results ignored="0" total="1" passed="1" failed="0" skipped="0">
  <reporter-output>
  </reporter-output>
  <suite started-at="2023-11-16T14:03:17 CST" name="Default suite" finished-at="2023-11-16T14:03:19 CST" duration-ms="1873">
    <groups>
    </groups>
    <test started-at="2023-11-16T14:03:17 CST" name="Default test" finished-at="2023-11-16T14:03:19 CST" duration-ms="1873">
      <class name="day3.ValidateJsonData">
        <test-method signature="testJsonData1()[pri:0, instance:day3.ValidateJsonData@be64738]" started-at="2023-11-16T14:03:17 CST" name="testJsonData1" finished-at="2023-11-16T14:03:19 CST" duration-ms="1832" status="PASS">
          <reporter-output>
          </reporter-output>
        </test-method> <!-- testJsonData1 -->
      </class> <!-- day3.ValidateJsonData -->
    </test> <!-- Default test -->
  </suite> <!-- Default suite -->
</testng-results>
